Error loading/saving 5 generators 2 bound F bottomup

1540908584.7 Error loading/saving 5 generators 2 bound F bottomup
1540908876.82 Error loading/saving 5 generators 2 bound I bottomup
1540912145.55 Error loading/saving 6 generators 2 bound G bottomup
1540912410.42 Error loading/saving 6 generators 2 bound I bottomup
1540914007.91 Error loading/saving 5 generators 2 bound F bottomup
1540914467.03 Error loading/saving 5 generators 2 bound I bottomup
1540920818.92 Error loading/saving 6 generators 2 bound G bottomup
1540921333.26 Error loading/saving 6 generators 2 bound I bottomup
1540923638.64 Error loading/saving 5 generators 2 bound F bottomup
1540924299.93 Error loading/saving 5 generators 2 bound I bottomup
1541649479.18 Error loading/saving 4 generators 1 bound A
1541649479.18 Error loading/saving 4 generators 1 bound B
1541649479.24 Error loading/saving 4 generators 2 bound A
1541649479.4 Error loading/saving 4 generators 2 bound A bottomup
1541649479.44 Error loading/saving 4 generators 2 bound B
1541649479.47 Error loading/saving 4 generators 2 bound B bottomup
1541649479.48 Error loading/saving 4 generators 2 bound C
1541649479.5 Error loading/saving 4 generators 2 bound C bottomup
1541649479.54 Error loading/saving 4 generators 2 bound D
1541649479.61 Error loading/saving 4 generators 2 bound D bottomup
1541649479.64 Error loading/saving 4 generators 2 bound E
1541649479.67 Error loading/saving 4 generators 2 bound E bottomup
1541649479.68 Error loading/saving 4 generators 2 bound F
1541649479.68 Error loading/saving 4 generators 2 bound F bottomup
1541649479.97 Error loading/saving 4 generators 2 bound G
1541649480.19 Error loading/saving 4 generators 2 bound G bottomup
1541649480.21 Error loading/saving 4 generators 2 bound H
1541649480.25 Error loading/saving 4 generators 2 bound H bottomup
1541649480.26 Error loading/saving 4 generators 2 bound I
1541649480.27 Error loading/saving 4 generators 2 bound I bottomup
1541649480.29 Error loading/saving 4 generators 2 bound J
1541649480.31 Error loading/saving 4 generators 2 bound J bottomup
1541649480.41 Error loading/saving 5 generators 2 bound A
1541649480.51 Error loading/saving 5 generators 2 bound A bottomup
1541649480.54 Error loading/saving 5 generators 2 bound B
1541649480.56 Error loading/saving 5 generators 2 bound B bottomup
1541649480.6 Error loading/saving 5 generators 2 bound C
1541649480.68 Error loading/saving 5 generators 2 bound C bottomup
1541649480.76 Error loading/saving 5 generators 2 bound D
1541649480.84 Error loading/saving 5 generators 2 bound D bottomup
1541649480.9 Error loading/saving 5 generators 2 bound E
1541649480.95 Error loading/saving 5 generators 2 bound E bottomup
1541649481.23 Error loading/saving 5 generators 2 bound F
1541649481.63 Error loading/saving 5 generators 2 bound F bottomup
1541649481.86 Error loading/saving 5 generators 2 bound G
1541649482.81 Error loading/saving 5 generators 2 bound G bottomup
1541649483.25 Error loading/saving 5 generators 2 bound H
1541649483.98 Error loading/saving 5 generators 2 bound H bottomup
1541649484.07 Error loading/saving 5 generators 2 bound I
1541649484.2 Error loading/saving 5 generators 2 bound I bottomup
